<?xml version="1.0" encoding="UTF-8"?>
<!-- Generated by org.testng.reporters.JUnitReportReporter -->
<testsuite hostname="DESKTOP-LLRELV1" failures="0" tests="8" name="api.test.DDTests" time="2.469" errors="0" timestamp="2025-05-23T19:00:38 IST" skipped="0">
  <testcase classname="api.test.DDTests" name="testPostuser" time="0.021"/>
  <system-out/>
  <testcase classname="api.test.DDTests" name="testPostuser" time="0.022"/>
  <system-out/>
  <testcase classname="api.test.DDTests" name="testPostuser" time="2.254"/>
  <system-out/>
  <testcase classname="api.test.DDTests" name="testPostuser" time="0.028"/>
  <system-out/>
  <testcase classname="api.test.DDTests" name="testDeleteProductById" time="0.030"/>
  <system-out/>
  <testcase classname="api.test.DDTests" name="testDeleteProductById" time="0.023"/>
  <system-out/>
  <testcase classname="api.test.DDTests" name="testDeleteProductById" time="0.062"/>
  <system-out/>
  <testcase classname="api.test.DDTests" name="testDeleteProductById" time="0.029"/>
  <system-out/>
</testsuite> <!-- api.test.DDTests -->
