<?xml version="1.0" encoding="UTF-8"?>
<!-- Generated by org.testng.reporters.JUnitReportReporter -->
<testsuite hostname="DESKTOP-LLRELV1" failures="0" tests="4" name="api.test.ProductTests" time="2.393" errors="0" timestamp="2025-05-23T19:05:52 IST" skipped="0">
  <testcase classname="api.test.ProductTests" name="testPostProduct" time="2.225"/>
  <system-out/>
  <testcase classname="api.test.ProductTests" name="testGetProductByid" time="0.063"/>
  <system-out/>
  <testcase classname="api.test.ProductTests" name="testUpdateProductById" time="0.070"/>
  <system-out/>
  <testcase classname="api.test.ProductTests" name="testDeleteProductByName" time="0.035"/>
  <system-out/>
</testsuite> <!-- api.test.ProductTests -->
